MPASM 5.87            EJERCICIO4_EXAMENM.ASM   3-16-2021  14:19:36         PAGE  1


LOC  OBJECT CODE     LINE SOURCE TEXT
  VALUE

                      00001 #include "p16F628a.inc" ;incluir librerias relacionadas con el dispositivo
                      00001         LIST
                      00002 
                      00003 ;==========================================================================
                      00004 ; Build date : Jan 06 2020
                      00005 ;  MPASM PIC16F628A processor include
                      00006 ; 
                      00007 ;  (c) Copyright 1999-2020 Microchip Technology, All rights reserved
                      00008 ;==========================================================================
                      00009 
                      00386         LIST
Warning[205]: Found directive in column 1. (__CONFIG)
2007   3F19           00002 __CONFIG _FOSC_INTOSCCLK & _WDTE_OFF & _PWRTE_OFF & _MCLRE_OFF & _BOREN_OFF & _LVP_OFF & _CPD_OFF & _CP_
                            OFF
                      00003 ;configuración del dispositivotodo en OFF y la frecuencia de oscilador
                      00004 ;es la del "reloj del oscilador interno" (INTOSCCLK)
                      00005 RES_VECT CODE 0x0000 ; processor reset vector
Warning[203]: Found opcode in column 1. (GOTO)
0000   2???           00006 GOTO START ; go to beginning of program
                      00007 ; TODO ADD INTERRUPTS HERE IF USED
                      00008 MAIN_PROG CODE ; let linker place main program
                      00009 ;variables para el contador:
  00000030            00010 i equ 0x30
  00000031            00011 j equ 0x31
  00000032            00012 k equ 0x32
  00000033            00013 auxj equ 0x33
  00000034            00014 auxi equ 0x34
                      00015 ;cont equ 0x35
  00000020            00016 auxa equ 0x20
  00000021            00017 auxc equ 0x21
  00000025            00018 a equ 0x25
  00000022            00019 c equ 0x22
  00000023            00020 d equ 0x23 
                      00021 ;inicio del programa:
0000                  00022 START
0000   3007           00023  MOVLW 0x07 ;Apagar comparadores
0001   009F           00024  MOVWF CMCON
0002   1303           00025  BCF STATUS, RP1 ;Cambiar al banco 1
0003   1683           00026  BSF STATUS, RP0
0004   3000           00027  MOVLW b'00000000' ;Establecer puerto B como salida (los 8 bits del puerto)
Message[302]: Register in operand not in bank 0.  Ensure that bank bits are correct.
0005   0086           00028  MOVWF TRISB
0006   1283           00029  BCF STATUS, RP0 ;Regresar al banco 0
0007   0000           00030  nop
Warning[207]: Found label after column 1. (inicio)
0008                  00031  inicio:
0008   1406           00032  BSF PORTB,0 ;poner el puerto B0 (bit 0 del puerto B) en 1
0009   2???           00033  call tiempo1
000A   1006           00034  BCF PORTB,0 ;poner el puerto B0 (bit 0 del puerto B) en 0
000B   2???           00035  call tiempo2
000C   0000           00036  nop
000D   0000           00037  nop
000E   2???           00038  goto inicio ;regresar y repetirtiempo1:
MPASM 5.87            EJERCICIO4_EXAMENM.ASM   3-16-2021  14:19:36         PAGE  2


LOC  OBJECT CODE     LINE SOURCE TEXT
  VALUE

                      00039 
000F                  00040 tiempo1:  
000F   3025           00041  movlw d'37'
0010   00B4           00042  movwf auxi
0011   0BB4           00043  DECFSZ auxi,f
0012   2???           00044  GOTO $-1
0013   0000           00045  nop
0014   302D           00046  movlw d'45'
0015   00B0           00047  movwf i
0016                  00048 iloop:
0016   3003           00049  movlw d'3'
0017   00B3           00050  movwf auxj
0018   0BB3           00051  DECFSZ auxj,f
0019   2???           00052  GOTO $-1
001A   3038           00053  movlw d'56'
001B   00B1           00054  movwf j
001C                  00055 jloop:
001C   0000           00056  nop
001D   0000           00057  nop
001E   0000           00058  nop
001F   0000           00059  nop
0020   0000           00060  nop
0021   303A           00061  movlw d'58'
0022   00B2           00062  movwf k
0023                  00063 kloop:
0023   0BB2           00064  decfsz k,f
0024   2???           00065  goto kloop
0025   0BB1           00066  decfsz j,f
0026   2???           00067  goto jloop
0027   0BB0           00068  decfsz i,f
0028   2???           00069  goto iloop
0029   301E           00070  movlw d'30'
002A   00B1           00071  movwf j
002B   0BB1           00072  decfsz j,f
002C   2???           00073  goto $-1
002D   0008           00074  return ;salir de la rutina de tiempo y regresar al
                      00075  ;valor de contador de programa
                      00076  
002E                  00077 tiempo2:  
002E   3033           00078  movlw d'51'
002F   00A0           00079  movwf auxa
0030   0BA0           00080  DECFSZ auxa,f
0031   2???           00081  GOTO $-1
0032   0000           00082  nop
0033   3033           00083  movlw d'51'
0034   00A5           00084  movwf a
0035                  00085 aloop:
0035   3024           00086  movlw d'36'
0036   00A1           00087  movwf auxc
0037   0BA1           00088  DECFSZ auxc,f
0038   2???           00089  GOTO $-1
0039   3039           00090  movlw d'57'
003A   00A2           00091  movwf c
MPASM 5.87            EJERCICIO4_EXAMENM.ASM   3-16-2021  14:19:36         PAGE  3


LOC  OBJECT CODE     LINE SOURCE TEXT
  VALUE

003B                  00092 cloop:
003B   0000           00093  nop
003C   0000           00094  nop
003D   0000           00095  nop
003E   0000           00096  nop
003F   0000           00097  nop
0040   303A           00098  movlw d'58'
0041   00A3           00099  movwf d
0042                  00100 dloop:
0042   0BA3           00101  decfsz d,f
0043   2???           00102  goto dloop
0044   0BA2           00103  decfsz c,f
0045   2???           00104  goto cloop
0046   0BA5           00105  decfsz a,f
0047   2???           00106  goto aloop
0048   301E           00107  movlw d'30'
0049   00A2           00108  movwf c
004A   0BA2           00109  decfsz c,f
004B   2???           00110  goto $-1
004C   0008           00111  return ;salir de la rutina de tiempo y regresar al 
Warning[205]: Found directive in column 1. (END)
3F19                  00112 END
MPASM 5.87            EJERCICIO4_EXAMENM.ASM   3-16-2021  14:19:36         PAGE  4


SYMBOL TABLE
  LABEL                             VALUE 

ADDEN                             00000003
ADEN                              00000003
BRGH                              00000002
C                                 00000000
C1INV                             00000004
C1OUT                             00000006
C2INV                             00000005
C2OUT                             00000007
CCP1CON                           00000017
CCP1IE                            00000002
CCP1IF                            00000002
CCP1M0                            00000000
CCP1M1                            00000001
CCP1M2                            00000002
CCP1M3                            00000003
CCP1X                             00000005
CCP1Y                             00000004
CCPR1                             00000015
CCPR1H                            00000016
CCPR1L                            00000015
CIS                               00000003
CM0                               00000000
CM1                               00000001
CM2                               00000002
CMCON                             0000001F
CMIE                              00000006
CMIF                              00000006
CREN                              00000004
CSRC                              00000007
DATA_CP_OFF                       00003FFF
DATA_CP_ON                        00003EFF
DC                                00000001
EEADR                             0000009B
EECON1                            0000009C
EECON2                            0000009D
EEDATA                            0000009A
EEIE                              00000007
EEIF                              00000007
F                                 00000001
FERR                              00000002
FSR                               00000004
GIE                               00000007
INDF                              00000000
INTCON                            0000000B
INTE                              00000004
INTEDG                            00000006
INTF                              00000001
IRP                               00000007
NOT_BO                            00000000
NOT_BOD                           00000000
NOT_BOR                           00000000
NOT_PD                            00000003
NOT_POR                           00000001
MPASM 5.87            EJERCICIO4_EXAMENM.ASM   3-16-2021  14:19:36         PAGE  5


SYMBOL TABLE
  LABEL                             VALUE 

NOT_RBPU                          00000007
NOT_T1SYNC                        00000002
NOT_TO                            00000004
OERR                              00000001
OPTION_REG                        00000081
OSCF                              00000003
PCL                               00000002
PCLATH                            0000000A
PCON                              0000008E
PEIE                              00000006
PIE1                              0000008C
PIR1                              0000000C
PORTA                             00000005
PORTB                             00000006
PR2                               00000092
PS0                               00000000
PS1                               00000001
PS2                               00000002
PSA                               00000003
RA0                               00000000
RA1                               00000001
RA2                               00000002
RA3                               00000003
RA4                               00000004
RA5                               00000005
RA6                               00000006
RA7                               00000007
RB0                               00000000
RB1                               00000001
RB2                               00000002
RB3                               00000003
RB4                               00000004
RB5                               00000005
RB6                               00000006
RB7                               00000007
RBIE                              00000003
RBIF                              00000000
RCIE                              00000005
RCIF                              00000005
RCREG                             0000001A
RCSTA                             00000018
RD                                00000000
RP0                               00000005
RP1                               00000006
RX9                               00000006
RX9D                              00000000
SPBRG                             00000099
SPEN                              00000007
SREN                              00000005
START                             00000000
STATUS                            00000003
SYNC                              00000004
T0CS                              00000005
MPASM 5.87            EJERCICIO4_EXAMENM.ASM   3-16-2021  14:19:36         PAGE  6


SYMBOL TABLE
  LABEL                             VALUE 

T0IE                              00000005
T0IF                              00000002
T0SE                              00000004
T1CKPS0                           00000004
T1CKPS1                           00000005
T1CON                             00000010
T1OSCEN                           00000003
T2CKPS0                           00000000
T2CKPS1                           00000001
T2CON                             00000012
TMR0                              00000001
TMR0IE                            00000005
TMR0IF                            00000002
TMR1                              0000000E
TMR1CS                            00000001
TMR1H                             0000000F
TMR1IE                            00000000
TMR1IF                            00000000
TMR1L                             0000000E
TMR1ON                            00000000
TMR2                              00000011
TMR2IE                            00000001
TMR2IF                            00000001
TMR2ON                            00000002
TOUTPS0                           00000003
TOUTPS1                           00000004
TOUTPS2                           00000005
TOUTPS3                           00000006
TRISA                             00000085
TRISA0                            00000000
TRISA1                            00000001
TRISA2                            00000002
TRISA3                            00000003
TRISA4                            00000004
TRISA5                            00000005
TRISA6                            00000006
TRISA7                            00000007
TRISB                             00000086
TRISB0                            00000000
TRISB1                            00000001
TRISB2                            00000002
TRISB3                            00000003
TRISB4                            00000004
TRISB5                            00000005
TRISB6                            00000006
TRISB7                            00000007
TRMT                              00000001
TX9                               00000006
TX9D                              00000000
TXEN                              00000005
TXIE                              00000004
TXIF                              00000004
TXREG                             00000019
MPASM 5.87            EJERCICIO4_EXAMENM.ASM   3-16-2021  14:19:36         PAGE  7


SYMBOL TABLE
  LABEL                             VALUE 

TXSTA                             00000098
VR0                               00000000
VR1                               00000001
VR2                               00000002
VR3                               00000003
VRCON                             0000009F
VREN                              00000007
VROE                              00000006
VRR                               00000005
W                                 00000000
WR                                00000001
WREN                              00000002
WRERR                             00000003
Z                                 00000002
_BODEN_OFF                        00003FBF
_BODEN_ON                         00003FFF
_BOREN_OFF                        00003FBF
_BOREN_ON                         00003FFF
_CONFIG                           00002007
_CPD_OFF                          00003FFF
_CPD_ON                           00003EFF
_CP_OFF                           00003FFF
_CP_ON                            00001FFF
_DEVID1                           00002006
_ER_OSC_CLKOUT                    00003FFF
_ER_OSC_NOCLKOUT                  00003FFE
_EXTCLK_OSC                       00003FEF
_FOSC_ECIO                        00003FEF
_FOSC_EXTRCCLK                    00003FFF
_FOSC_EXTRCIO                     00003FFE
_FOSC_HS                          00003FEE
_FOSC_INTOSCCLK                   00003FFD
_FOSC_INTOSCIO                    00003FFC
_FOSC_LP                          00003FEC
_FOSC_XT                          00003FED
_HS_OSC                           00003FEE
_IDLOC0                           00002000
_IDLOC1                           00002001
_IDLOC2                           00002002
_IDLOC3                           00002003
_INTOSC_OSC_CLKOUT                00003FFD
_INTOSC_OSC_NOCLKOUT              00003FFC
_INTRC_OSC_CLKOUT                 00003FFD
_INTRC_OSC_NOCLKOUT               00003FFC
_LP_OSC                           00003FEC
_LVP_OFF                          00003F7F
_LVP_ON                           00003FFF
_MAIN_PROG_0012                   00000012
_MAIN_PROG_0019                   00000019
_MAIN_PROG_002C                   0000002C
_MAIN_PROG_0031                   00000031
_MAIN_PROG_0038                   00000038
_MAIN_PROG_004B                   0000004B
MPASM 5.87            EJERCICIO4_EXAMENM.ASM   3-16-2021  14:19:36         PAGE  8


SYMBOL TABLE
  LABEL                             VALUE 

_MCLRE_OFF                        00003FDF
_MCLRE_ON                         00003FFF
_PWRTE_OFF                        00003FFF
_PWRTE_ON                         00003FF7
_RC_OSC_CLKOUT                    00003FFF
_RC_OSC_NOCLKOUT                  00003FFE
_WDTE_OFF                         00003FFB
_WDTE_ON                          00003FFF
_WDT_OFF                          00003FFB
_WDT_ON                           00003FFF
_XT_OSC                           00003FED
__16F628A                         00000001
a                                 00000025
aloop                             00000035
auxa                              00000020
auxc                              00000021
auxi                              00000034
auxj                              00000033
c                                 00000022
cloop                             0000003B
d                                 00000023
dloop                             00000042
i                                 00000030
iloop                             00000016
inicio                            00000008
j                                 00000031
jloop                             0000001C
k                                 00000032
kloop                             00000023
tiempo1                           0000000F
tiempo2                           0000002E

Errors   :     0
Warnings :     4 reported,     0 suppressed
Messages :     1 reported,     0 suppressed

